<?xml version="1.0" encoding="UTF-8"?>
<testng-results skipped="0" failed="0" ignored="0" total="1" passed="1">
  <reporter-output>
  </reporter-output>
  <suite name="Default suite" duration-ms="5886" started-at="2019-02-10T11:47:29Z" finished-at="2019-02-10T11:47:35Z">
    <groups>
    </groups>
    <test name="Default test" duration-ms="5886" started-at="2019-02-10T11:47:29Z" finished-at="2019-02-10T11:47:35Z">
      <class name="com.qa.testcases.rest_get">
        <test-method status="PASS" signature="init()[pri:0, instance:com.qa.testcases.rest_get@156b88f5]" name="init" is-config="true" duration-ms="16" started-at="2019-02-10T11:47:29Z" finished-at="2019-02-10T11:47:29Z">
          <reporter-output>
          </reporter-output>
        </test-method> <!-- init -->
        <test-method status="PASS" signature="testgetmethodwithcorrectcity()[pri:1, instance:com.qa.testcases.rest_get@156b88f5]" name="testgetmethodwithcorrectcity" duration-ms="5698" started-at="2019-02-10T11:47:29Z" finished-at="2019-02-10T11:47:35Z">
          <reporter-output>
          </reporter-output>
        </test-method> <!-- testgetmethodwithcorrectcity -->
      </class> <!-- com.qa.testcases.rest_get -->
    </test> <!-- Default test -->
  </suite> <!-- Default suite -->
</testng-results>
